[90m2026-05-08T06:27:47.618Z[39m [96mINFO[39m [97m@wdio/browserstack-service[39m BrowserStack service started with id: 792d713c-ef7d-4a8c-8082-41222792285a
[90m2026-05-08T06:27:47.618Z[39m [32mDEBUG[39m [97m@wdio/browserstack-service[39m _options data: {}
[90m2026-05-08T06:27:47.618Z[39m [32mDEBUG[39m [97m@wdio/browserstack-service[39m webdriver capabilities data: [{"platformName":"Android","appium:deviceName":"Samsung Galaxy S22 Ultra","appium:platformVersion":"12.0","appium:app":"bs://8a49ee74326c14fe1573ec170689722c0bee468b","appium:automationName":"UiAutomator2"}]
[90m2026-05-08T06:27:47.619Z[39m [32mDEBUG[39m [97m@wdio/browserstack-service[39m _config data: {"rootDir":"/Users/lucky/Documents/WebDriverIO/scripts/wdio-appium2/test/config","specs":["../specs/android/E2Eflow5.spec.js"],"suites":{},"exclude":[],"capabilities":[],"logLevel":"info","logLevels":{},"groupLogsByTestSpec":false,"excludeDriverLogs":[],"bail":0,"waitforInterval":100,"waitforTimeout":10000,"framework":"mocha","reporters":["spec"],"services":["browserstack"],"maxInstances":10,"maxInstancesPerCapability":100,"injectGlobals":true,"filesToWatch":[],"connectionRetryTimeout":120000,"connectionRetryCount":3,"execArgv":[],"runnerEnv":{},"runner":"local","shard":{"current":1,"total":1},"specFileRetries":0,"specFileRetriesDelay":0,"specFileRetriesDeferred":false,"autoAssertOnTestEnd":true,"reporterSyncInterval":100,"reporterSyncTimeout":5000,"cucumberFeaturesWithLineNumbers":[],"mochaOpts":{"timeout":60000,"ui":"bdd"},"jasmineOpts":{"defaultTimeoutInterval":10000},"cucumberOpts":{"timeout":10000},"onPrepare":[],"onWorkerStart":[],"onWorkerEnd":[],"before":[],"beforeSession":[],"beforeSuite":[],"beforeHook":[],"beforeTest":[],"beforeCommand":[],"afterCommand":[],"afterTest":[],"afterHook":[],"afterSuite":[],"afterSession":[],"after":[],"onComplete":[],"onReload":[],"beforeAssertion":[],"afterAssertion":[],"beforeFeature":[],"beforeScenario":[],"beforeStep":[],"afterStep":[],"afterScenario":[],"afterFeature":[],"_":["run","run"],"$0":"/Users/lucky/Documents/WebDriverIO/scripts/wdio-appium2/node_modules/.bin/wdio","config-path":"test/config/wdio.androidbs.conf.js","port":443,"user":"","key":"","hostname":"hub.browserstack.com","protocol":"https","path":"/wd/hub"}
[90m2026-05-08T06:27:47.620Z[39m [32mDEBUG[39m [97m@wdio/browserstack-service[39m Sending SDK event with data {
  userName: '',
  accessKey: '',
  event_type: 'SDKTestAttempted',
  detectedFramework: 'WebdriverIO-mocha',
  event_properties: {
    sdkRunId: '792d713c-ef7d-4a8c-8082-41222792285a',
    testhub_uuid: undefined,
    language_framework: 'WebdriverIO_mocha',
    referrer: 'WebdriverIO-mocha/9.27.0',
    language: 'WebdriverIO',
    languageVersion: 'v24.15.0',
    buildName: 'undefined',
    buildIdentifier: 'undefined',
    os: 'Darwin',
    hostname: 'Luckys-MacBook-Air.local',
    productMap: {
      observability: true,
      accessibility: null,
      percy: false,
      automate: true,
      app_automate: false
    },
    product: [ 'observability', 'automate' ],
    framework: 'mocha',
    isCLIEnabled: false
  }
}
[90m2026-05-08T06:27:48.488Z[39m [32mDEBUG[39m [97m@wdio/browserstack-service[39m Funnel Event Response: "{\"message\":\"SDK Event recorded successfully\"}"
[90m2026-05-08T06:27:48.489Z[39m [32mDEBUG[39m [97m@wdio/browserstack-service[39m Funnel event success
[90m2026-05-08T06:27:48.496Z[39m [32mDEBUG[39m [97m@wdio/browserstack-service[39m Timestamp conversion for sdk:funnel:test-attempted: 708.197917 -> 1778221667619.536 (timeOrigin: 1778221666911.338)
[90m2026-05-08T06:27:48.491Z[39m [96mINFO[39m [97m@wdio/browserstack-service[39m startMain: Starting main process
[90m2026-05-08T06:27:48.491Z[39m [32mDEBUG[39m [97m@wdio/browserstack-service[39m Configuring Cli path.
[90m2026-05-08T06:27:48.491Z[39m [32mDEBUG[39m [97m@wdio/browserstack-service[39m File /Users/lucky/.browserstack already exist
[90m2026-05-08T06:27:48.492Z[39m [96mINFO[39m [97m@wdio/browserstack-service[39m Current CLI Path Found: /Users/lucky/.browserstack/cli/binary-macos-arm64
[90m2026-05-08T06:27:49.428Z[39m [32mDEBUG[39m [97m@wdio/browserstack-service[39m response {"success":true}
[90m2026-05-08T06:27:49.431Z[39m [32mDEBUG[39m [97m@wdio/browserstack-service[39m Timestamp conversion for sdk:cli:check-update: 1579.984709 -> 1778221668491.3225 (timeOrigin: 1778221666911.338)
[90m2026-05-08T06:27:49.428Z[39m [32mDEBUG[39m [97m@wdio/browserstack-service[39m Resolved binary path: /Users/lucky/.browserstack/cli/binary-macos-arm64
[90m2026-05-08T06:27:49.428Z[39m [32mDEBUG[39m [97m@wdio/browserstack-service[39m spawning command='/Users/lucky/.browserstack/cli/binary-macos-arm64,sdk'
[90m2026-05-08T06:27:49.897Z[39m [32mDEBUG[39m [97m@wdio/browserstack-service[39m CLI params loaded: {"id":"58f415ba-0a11-4e92-ad29-0d6075290f2f","listen":"unix:/tmp/sdk-platform-58f415ba-0a11-4e92-ad29-0d6075290f2f.sock"}
[90m2026-05-08T06:27:49.902Z[39m [32mDEBUG[39m [97m@wdio/browserstack-service[39m Timestamp conversion for sdk:cli:start: 1579.040709 -> 1778221668490.3787 (timeOrigin: 1778221666911.338)
[90m2026-05-08T06:27:49.898Z[39m [96mINFO[39m [97m@wdio/browserstack-service[39m Connected to gRPC server at unix:/tmp/sdk-platform-58f415ba-0a11-4e92-ad29-0d6075290f2f.sock
[90m2026-05-08T06:27:49.898Z[39m [96mINFO[39m [97m@wdio/browserstack-service[39m Initialized gRPC client with bin session id: 58f415ba-0a11-4e92-ad29-0d6075290f2f and listen address: unix:/tmp/sdk-platform-58f415ba-0a11-4e92-ad29-0d6075290f2f.sock
[90m2026-05-08T06:27:49.898Z[39m [32mDEBUG[39m [97m@wdio/browserstack-service[39m startMain: main-process started
[90m2026-05-08T06:27:49.898Z[39m [32mDEBUG[39m [97m@wdio/browserstack-service[39m startBinSession: Calling startBinSession
[90m2026-05-08T06:27:49.899Z[39m [32mDEBUG[39m [97m@wdio/browserstack-service[39m StartBinSession with clientWorkerId: 0-15353, platformIndex: 0
[90m2026-05-08T06:27:50.947Z[39m [96mINFO[39m [97m@wdio/browserstack-service[39m StartBinSession successful
[90m2026-05-08T06:27:50.948Z[39m [32mDEBUG[39m [97m@wdio/browserstack-service[39m Is CLI running true
[90m2026-05-08T06:27:50.947Z[39m [32mDEBUG[39m [97m@wdio/browserstack-service[39m start: startBinSession response={"binSessionId":"58f415ba-0a11-4e92-ad29-0d6075290f2f","config":"{\"userName\":\"[REDACTED]\",\"accessKey\":\"[REDACTED]\",\"platforms\":[{\"platformName\":\"Android\",\"appium:deviceName\":\"Samsung Galaxy S22 Ultra\",\"appium:platformVersion\":\"12.0\",\"appium:app\":\"bs://8a49ee74326c14fe1573ec170689722c0bee468b\",\"appium:automationName\":\"UiAutomator2\",\"wdioService\":\"9.27.0\"}],\"isNonBstackA11yWDIO\":false,\"accessibility\":false,\"testObservability\":true,\"testContextOptions\":{\"skipSessionName\":false,\"skipSessionStatus\":false,\"sessionNameOmitTestTitle\":false,\"sessionNamePrependTopLevelSuiteTitle\":false,\"sessionNameFormat\":\"\"},\"buildTag\":[],\"browserStackLocalOptions\":{\"key\":\"[REDACTED]\",\"skipBinaryInitialisation\":false},\"browserstackLocal\":false,\"browserstackAutomation\":true,\"selfHeal\":false,\"disableAutoCaptureLogs\":false,\"testhub\":true,\"additionalPlatforms\":[],\"additionalParams\":{},\"testOrchestrationOptions\":{\"retryTestsOnFailure\":{},\"abortBuildOnFailure\":{}},\"apis\":{\"automate\":{\"hub\":\"https://hub.browserstack.com\",\"cdp\":\"https://cdp.browserstack.com\",\"api\":\"https://api.browserstack.com\",\"upload\":\"https://api-cloud.browserstack.com\"},\"appAutomate\":{\"hub\":\"https://hub.browserstack.com\",\"api\":\"https://api.browserstack.com\",\"upload\":\"https://api-cloud.browserstack.com\"},\"percy\":{\"api\":\"https://api.browserstack.com\"},\"turboScale\":{\"api\":\"https://grid.browserstack.com\"},\"accessibility\":{\"api\":\"https://accessibility.browserstack.com\"},\"appAccessibility\":{\"api\":\"https://app-accessibility.browserstack.com\"},\"observability\":{\"api\":\"https://collector-observability.browserstack.com\",\"upload\":\"https://upload-observability.browserstack.com\"},\"configServer\":{\"api\":\"https://sdk.browserstack.com\"},\"edsInstrumentation\":{\"api\":\"https://eds.browserstack.com\"},\"tcg\":{\"api\":\"https://tcg.browserstack.com\"}},\"hubUrl\":\"https://hub.browserstack.com/wd/hub\"}","testhub":{"jwt":"eyJhbGciOiJSUzI1NiJ9.eyJleHAiOiIxNzc4MjMyNDcwIiwiaXNzIjoid3d3LmJyb3dzZXJzdGFjay5jb20iLCJzdWIiOjEwOTY2MDYyLCJzY29wZSI6eyJwcm9kdWN0Ijoic2RrIiwidXNlcl9hY2Nlc3MiOnsidGVzdF9vYnNlcnZhYmlsaXR5IjoxLCJhdXRvbWF0ZSI6MSwiYXBwX2F1dG9tYXRlIjoxLCJwZXJjeSI6MSwiYXBwX3BlcmN5IjoxLCJhY2Nlc3NpYmlsaXR5X3Rlc3RpbmciOjEsImFwcF9hY2Nlc3NpYmlsaXR5X3Rlc3RpbmciOjEsImF1dG9tYXRlX3R1cmJvc2NhbGUiOjEsImxvd19jb2RlX2F1dG9tYXRpb24iOjF9LCJpYWFtX3JvbGUiOiJvd25lciJ9LCJncm91cF9pZCI6MTA4NzkxMDMsInRlYW1faWQiOm51bGwsInVkYWNfYWNjZXNzIjoiZ2xvYmFsIn0.ge4UqDZDLoKC9f50iQ7gGlzSEGOsyyhiZ9LyjpqHkNTZIEkfauE2nala_GTOK7k1GmJHQgg5hig21SsGiql1mL8Kq17BJYmWv4SextbeyxbyXVU4Spa2_RYPyI5o-sC_0Dv9-rLUGQ1BYcjVzr7vKFKGmHG6y3PD3vleut0SHpTeqJmG7i0tpeSBSNeUIVZT3ho9oqDSk6Q68v4qDrbeqzNtT3o7OfK33UPTxL4Iqdi9AYitngknhPRL4MP5Z7wT8IboVrUNV5_V2pDtWcN_tCciZFkkBS039oI8QCizXOkdPpkUIS04Cn_5RE54mIC0f0wffDw9KJ-fXA2xti4R9g","buildHashedId":"uc6ixdjqcnw83l0ct5gwxaddwefgfi16hk0jyiau","testhubEvents":true,"errors":{}},"observability":{"success":true,"options":{"allowScreenshots":"true"},"errors":[],"optionsAsBytes":{"type":"Buffer","data":[123,34,97,108,108,111,119,95,115,99,114,101,101,110,115,104,111,116,115,34,58,116,114,117,101,44,34,116,101,115,116,79,98,115,101,114,118,97,98,105,108,105,116,121,79,112,116,105,111,110,115,34,58,123,125,125]}},"sessionFramework":"run,test/config/wdio.androidbs.conf.js"}
[90m2026-05-08T06:27:50.947Z[39m [96mINFO[39m [97m@wdio/browserstack-service[39m loadModules: binSessionId=58f415ba-0a11-4e92-ad29-0d6075290f2f
[90m2026-05-08T06:27:50.947Z[39m [32mDEBUG[39m [97m@wdio/browserstack-service[39m loadModules: config={"userName":"[REDACTED]","accessKey":"[REDACTED]","platforms":[{"platformName":"Android","appium:deviceName":"Samsung Galaxy S22 Ultra","appium:platformVersion":"12.0","appium:app":"bs://8a49ee74326c14fe1573ec170689722c0bee468b","appium:automationName":"UiAutomator2","wdioService":"9.27.0"}],"isNonBstackA11yWDIO":false,"accessibility":false,"testObservability":true,"testContextOptions":{"skipSessionName":false,"skipSessionStatus":false,"sessionNameOmitTestTitle":false,"sessionNamePrependTopLevelSuiteTitle":false,"sessionNameFormat":""},"buildTag":[],"browserStackLocalOptions":{"key":"[REDACTED]","skipBinaryInitialisation":false},"browserstackLocal":false,"browserstackAutomation":true,"selfHeal":false,"disableAutoCaptureLogs":false,"testhub":true,"additionalPlatforms":[],"additionalParams":{},"testOrchestrationOptions":{"retryTestsOnFailure":{},"abortBuildOnFailure":{}},"apis":{"automate":{"hub":"https://hub.browserstack.com","cdp":"https://cdp.browserstack.com","api":"https://api.browserstack.com","upload":"https://api-cloud.browserstack.com"},"appAutomate":{"hub":"https://hub.browserstack.com","api":"https://api.browserstack.com","upload":"https://api-cloud.browserstack.com"},"percy":{"api":"https://api.browserstack.com"},"turboScale":{"api":"https://grid.browserstack.com"},"accessibility":{"api":"https://accessibility.browserstack.com"},"appAccessibility":{"api":"https://app-accessibility.browserstack.com"},"observability":{"api":"https://collector-observability.browserstack.com","upload":"https://upload-observability.browserstack.com"},"configServer":{"api":"https://sdk.browserstack.com"},"edsInstrumentation":{"api":"https://eds.browserstack.com"},"tcg":{"api":"https://tcg.browserstack.com"}},"hubUrl":"https://hub.browserstack.com/wd/hub"}
[90m2026-05-08T06:27:50.947Z[39m [96mINFO[39m [97m@wdio/browserstack-service[39m AutomateModule: Initializing Automate Module
[90m2026-05-08T06:27:50.948Z[39m [32mDEBUG[39m [97m@wdio/browserstack-service[39m configureModules: Configuring modules
[90m2026-05-08T06:27:50.948Z[39m [32mDEBUG[39m [97m@wdio/browserstack-service[39m configureModules: Configuring module=WebdriverIOModule platformIndex=0
[90m2026-05-08T06:27:50.948Z[39m [32mDEBUG[39m [97m@wdio/browserstack-service[39m Configured module WebdriverIOModule with binSessionId=58f415ba-0a11-4e92-ad29-0d6075290f2f, platformIndex=0
[90m2026-05-08T06:27:50.948Z[39m [32mDEBUG[39m [97m@wdio/browserstack-service[39m configureModules: Configuring module=AutomateModule platformIndex=0
[90m2026-05-08T06:27:50.948Z[39m [32mDEBUG[39m [97m@wdio/browserstack-service[39m Configured module AutomateModule with binSessionId=58f415ba-0a11-4e92-ad29-0d6075290f2f, platformIndex=0
[90m2026-05-08T06:27:50.948Z[39m [32mDEBUG[39m [97m@wdio/browserstack-service[39m configureModules: Configuring module=ObservabilityModule platformIndex=0
[90m2026-05-08T06:27:50.948Z[39m [32mDEBUG[39m [97m@wdio/browserstack-service[39m Configured module ObservabilityModule with binSessionId=58f415ba-0a11-4e92-ad29-0d6075290f2f, platformIndex=0
[90m2026-05-08T06:27:50.949Z[39m [32mDEBUG[39m [97m@wdio/browserstack-service[39m configureModules: Configuring module=TestHubModule platformIndex=0
[90m2026-05-08T06:27:50.949Z[39m [32mDEBUG[39m [97m@wdio/browserstack-service[39m Configured module TestHubModule with binSessionId=58f415ba-0a11-4e92-ad29-0d6075290f2f, platformIndex=0
[90m2026-05-08T06:27:50.948Z[39m [33mWARN[39m [97m@wdio/browserstack-service[39m Accessibility Automation will run only on Chrome browsers.
[90m2026-05-08T06:27:50.969Z[39m [32mDEBUG[39m [97m@wdio/browserstack-service[39m Timestamp conversion for sdk:pre-test: 707.858834 -> 1778221667619.1968 (timeOrigin: 1778221666911.338)
[90m2026-05-08T06:27:50.969Z[39m [32mDEBUG[39m [97m@wdio/browserstack-service[39m Timestamp conversion for sdk:automationFrameworkInit: 708.1795 -> 1778221667619.5173 (timeOrigin: 1778221666911.338)
[90m2026-05-08T06:27:50.969Z[39m [32mDEBUG[39m [97m@wdio/browserstack-service[39m Timestamp conversion for sdk:automationFrameworkStart: 1577.575834 -> 1778221668488.9138 (timeOrigin: 1778221666911.338)
[90m2026-05-08T06:27:50.969Z[39m [32mDEBUG[39m [97m@wdio/browserstack-service[39m Timestamp conversion for sdk:startBinSession: 2985.716667 -> 1778221669897.0544 (timeOrigin: 1778221666911.338)
[90m2026-05-08T06:27:50.969Z[39m [32mDEBUG[39m [97m@wdio/browserstack-service[39m Timestamp conversion for sdk:setup: 4040.886167 -> 1778221670952.224 (timeOrigin: 1778221666911.338)
[90m2026-05-08T06:27:51.685Z[39m [96mINFO[39m [97m@wdio/browserstack-service[39m Starting as child process with session ID: 58f415ba-0a11-4e92-ad29-0d6075290f2f
[90m2026-05-08T06:27:51.687Z[39m [96mINFO[39m [97m@wdio/browserstack-service[39m Connected to gRPC server at unix:/tmp/sdk-platform-58f415ba-0a11-4e92-ad29-0d6075290f2f.sock
[90m2026-05-08T06:27:51.687Z[39m [32mDEBUG[39m [97m@wdio/browserstack-service[39m Connecting bin session
[90m2026-05-08T06:27:51.687Z[39m [32mDEBUG[39m [97m@wdio/browserstack-service[39m ConnectBinSession with clientWorkerId: 0-15361
[90m2026-05-08T06:27:51.699Z[39m [96mINFO[39m [97m@wdio/browserstack-service[39m ConnectBinSession successful
[90m2026-05-08T06:27:51.700Z[39m [96mINFO[39m [97m@wdio/browserstack-service[39m Connected to bin session: {"binSessionId":"58f415ba-0a11-4e92-ad29-0d6075290f2f","config":"{\"userName\":\"[REDACTED]\",\"accessKey\":\"[REDACTED]\",\"platforms\":[{\"platformName\":\"Android\",\"appium:deviceName\":\"Samsung Galaxy S22 Ultra\",\"appium:platformVersion\":\"12.0\",\"appium:app\":\"bs://8a49ee74326c14fe1573ec170689722c0bee468b\",\"appium:automationName\":\"UiAutomator2\",\"wdioService\":\"9.27.0\"}],\"isNonBstackA11yWDIO\":false,\"accessibility\":false,\"testObservability\":true,\"testContextOptions\":{\"skipSessionName\":false,\"skipSessionStatus\":false,\"sessionNameOmitTestTitle\":false,\"sessionNamePrependTopLevelSuiteTitle\":false,\"sessionNameFormat\":\"\"},\"buildTag\":[],\"browserStackLocalOptions\":{\"key\":\"[REDACTED]\",\"skipBinaryInitialisation\":false},\"browserstackLocal\":false,\"browserstackAutomation\":true,\"selfHeal\":false,\"disableAutoCaptureLogs\":false,\"testhub\":true,\"additionalPlatforms\":[],\"additionalParams\":{},\"testOrchestrationOptions\":{\"retryTestsOnFailure\":{},\"abortBuildOnFailure\":{}},\"apis\":{\"automate\":{\"hub\":\"https://hub.browserstack.com\",\"cdp\":\"https://cdp.browserstack.com\",\"api\":\"https://api.browserstack.com\",\"upload\":\"https://api-cloud.browserstack.com\"},\"appAutomate\":{\"hub\":\"https://hub.browserstack.com\",\"api\":\"https://api.browserstack.com\",\"upload\":\"https://api-cloud.browserstack.com\"},\"percy\":{\"api\":\"https://api.browserstack.com\"},\"turboScale\":{\"api\":\"https://grid.browserstack.com\"},\"accessibility\":{\"api\":\"https://accessibility.browserstack.com\"},\"appAccessibility\":{\"api\":\"https://app-accessibility.browserstack.com\"},\"observability\":{\"api\":\"https://collector-observability.browserstack.com\",\"upload\":\"https://upload-observability.browserstack.com\"},\"configServer\":{\"api\":\"https://sdk.browserstack.com\"},\"edsInstrumentation\":{\"api\":\"https://eds.browserstack.com\"},\"tcg\":{\"api\":\"https://tcg.browserstack.com\"}},\"hubUrl\":\"https://hub-aps.browserstack.com/wd/hub\"}","testhub":{"jwt":"eyJhbGciOiJSUzI1NiJ9.eyJleHAiOiIxNzc4MjMyNDcwIiwiaXNzIjoid3d3LmJyb3dzZXJzdGFjay5jb20iLCJzdWIiOjEwOTY2MDYyLCJzY29wZSI6eyJwcm9kdWN0Ijoic2RrIiwidXNlcl9hY2Nlc3MiOnsidGVzdF9vYnNlcnZhYmlsaXR5IjoxLCJhdXRvbWF0ZSI6MSwiYXBwX2F1dG9tYXRlIjoxLCJwZXJjeSI6MSwiYXBwX3BlcmN5IjoxLCJhY2Nlc3NpYmlsaXR5X3Rlc3RpbmciOjEsImFwcF9hY2Nlc3NpYmlsaXR5X3Rlc3RpbmciOjEsImF1dG9tYXRlX3R1cmJvc2NhbGUiOjEsImxvd19jb2RlX2F1dG9tYXRpb24iOjF9LCJpYWFtX3JvbGUiOiJvd25lciJ9LCJncm91cF9pZCI6MTA4NzkxMDMsInRlYW1faWQiOm51bGwsInVkYWNfYWNjZXNzIjoiZ2xvYmFsIn0.ge4UqDZDLoKC9f50iQ7gGlzSEGOsyyhiZ9LyjpqHkNTZIEkfauE2nala_GTOK7k1GmJHQgg5hig21SsGiql1mL8Kq17BJYmWv4SextbeyxbyXVU4Spa2_RYPyI5o-sC_0Dv9-rLUGQ1BYcjVzr7vKFKGmHG6y3PD3vleut0SHpTeqJmG7i0tpeSBSNeUIVZT3ho9oqDSk6Q68v4qDrbeqzNtT3o7OfK33UPTxL4Iqdi9AYitngknhPRL4MP5Z7wT8IboVrUNV5_V2pDtWcN_tCciZFkkBS039oI8QCizXOkdPpkUIS04Cn_5RE54mIC0f0wffDw9KJ-fXA2xti4R9g","buildHashedId":"uc6ixdjqcnw83l0ct5gwxaddwefgfi16hk0jyiau","testhubEvents":true,"errors":{}},"observability":{"success":true,"options":{"allowScreenshots":"true"},"errors":[]},"sessionFramework":"selenium","testOrchestration":{"retryTestsOnFailure":{"enabled":false,"maxRetries":0},"abortBuildOnFailure":{"enabled":false,"maxFailures":0}}}
[90m2026-05-08T06:27:51.700Z[39m [96mINFO[39m [97m@wdio/browserstack-service[39m loadModules: binSessionId=58f415ba-0a11-4e92-ad29-0d6075290f2f
[90m2026-05-08T06:27:51.700Z[39m [32mDEBUG[39m [97m@wdio/browserstack-service[39m loadModules: config={"userName":"[REDACTED]","accessKey":"[REDACTED]","platforms":[{"platformName":"Android","appium:deviceName":"Samsung Galaxy S22 Ultra","appium:platformVersion":"12.0","appium:app":"bs://8a49ee74326c14fe1573ec170689722c0bee468b","appium:automationName":"UiAutomator2","wdioService":"9.27.0"}],"isNonBstackA11yWDIO":false,"accessibility":false,"testObservability":true,"testContextOptions":{"skipSessionName":false,"skipSessionStatus":false,"sessionNameOmitTestTitle":false,"sessionNamePrependTopLevelSuiteTitle":false,"sessionNameFormat":""},"buildTag":[],"browserStackLocalOptions":{"key":"[REDACTED]","skipBinaryInitialisation":false},"browserstackLocal":false,"browserstackAutomation":true,"selfHeal":false,"disableAutoCaptureLogs":false,"testhub":true,"additionalPlatforms":[],"additionalParams":{},"testOrchestrationOptions":{"retryTestsOnFailure":{},"abortBuildOnFailure":{}},"apis":{"automate":{"hub":"https://hub.browserstack.com","cdp":"https://cdp.browserstack.com","api":"https://api.browserstack.com","upload":"https://api-cloud.browserstack.com"},"appAutomate":{"hub":"https://hub.browserstack.com","api":"https://api.browserstack.com","upload":"https://api-cloud.browserstack.com"},"percy":{"api":"https://api.browserstack.com"},"turboScale":{"api":"https://grid.browserstack.com"},"accessibility":{"api":"https://accessibility.browserstack.com"},"appAccessibility":{"api":"https://app-accessibility.browserstack.com"},"observability":{"api":"https://collector-observability.browserstack.com","upload":"https://upload-observability.browserstack.com"},"configServer":{"api":"https://sdk.browserstack.com"},"edsInstrumentation":{"api":"https://eds.browserstack.com"},"tcg":{"api":"https://tcg.browserstack.com"}},"hubUrl":"https://hub-aps.browserstack.com/wd/hub"}
[90m2026-05-08T06:27:51.700Z[39m [96mINFO[39m [97m@wdio/browserstack-service[39m AutomateModule: Initializing Automate Module
[90m2026-05-08T06:27:51.700Z[39m [32mDEBUG[39m [97m@wdio/browserstack-service[39m configureModules: Configuring modules
[90m2026-05-08T06:27:51.700Z[39m [32mDEBUG[39m [97m@wdio/browserstack-service[39m configureModules: Configuring module=WebdriverIOModule platformIndex=0
[90m2026-05-08T06:27:51.700Z[39m [32mDEBUG[39m [97m@wdio/browserstack-service[39m Configured module WebdriverIOModule with binSessionId=58f415ba-0a11-4e92-ad29-0d6075290f2f, platformIndex=0
[90m2026-05-08T06:27:51.700Z[39m [32mDEBUG[39m [97m@wdio/browserstack-service[39m configureModules: Configuring module=AutomateModule platformIndex=0
[90m2026-05-08T06:27:51.700Z[39m [32mDEBUG[39m [97m@wdio/browserstack-service[39m Configured module AutomateModule with binSessionId=58f415ba-0a11-4e92-ad29-0d6075290f2f, platformIndex=0
[90m2026-05-08T06:27:51.700Z[39m [32mDEBUG[39m [97m@wdio/browserstack-service[39m configureModules: Configuring module=ObservabilityModule platformIndex=0
[90m2026-05-08T06:27:51.700Z[39m [32mDEBUG[39m [97m@wdio/browserstack-service[39m Configured module ObservabilityModule with binSessionId=58f415ba-0a11-4e92-ad29-0d6075290f2f, platformIndex=0
[90m2026-05-08T06:27:51.700Z[39m [96mINFO[39m [97m@wdio/browserstack-service[39m trackEvent: automationFrameworkState=AutomationFrameworkState.CREATE hookState=HookState.PRE
[90m2026-05-08T06:27:51.700Z[39m [96mINFO[39m [97m@wdio/browserstack-service[39m trackEvent: automationFrameworkState=AutomationFrameworkState.CREATE hookState=HookState.PRE args=[object Object]
[90m2026-05-08T06:27:51.700Z[39m [32mDEBUG[39m [97m@wdio/browserstack-service[39m configureModules: Configuring module=TestHubModule platformIndex=0
[90m2026-05-08T06:27:51.701Z[39m [32mDEBUG[39m [97m@wdio/browserstack-service[39m Configured module TestHubModule with binSessionId=58f415ba-0a11-4e92-ad29-0d6075290f2f, platformIndex=0
[90m2026-05-08T06:27:51.701Z[39m [96mINFO[39m [97m@wdio/browserstack-service[39m resolveInstance: resolving instance for automationFrameworkState=AutomationFrameworkState.CREATE hookState=HookState.PRE
[90m2026-05-08T06:27:51.701Z[39m [32mDEBUG[39m [97m@wdio/browserstack-service[39m getTrackedInstance: 15361:0
[90m2026-05-08T06:27:51.701Z[39m [96mINFO[39m [97m@wdio/browserstack-service[39m trackWebdriverIOInstance: created instance for target=15361:0, state=AutomationFrameworkState.CREATE, args=[object Object]
[90m2026-05-08T06:27:51.701Z[39m [32mDEBUG[39m [97m@wdio/browserstack-service[39m setTrackedInstance: 1aef62ee0e0d2ce0127968e88ceafae25f399f7b14a7ce21df4bc54529334e77
[90m2026-05-08T06:27:51.701Z[39m [96mINFO[39m [97m@wdio/browserstack-service[39m trackWebdriverIOInstance: saved instance contextId=1aef62ee0e0d2ce0127968e88ceafae25f399f7b14a7ce21df4bc54529334e77 target=15361:0
[90m2026-05-08T06:27:51.701Z[39m [32mDEBUG[39m [97m@wdio/browserstack-service[39m getTrackedInstance: 15361:0
[90m2026-05-08T06:27:51.701Z[39m [96mINFO[39m [97m@wdio/browserstack-service[39m runHooks: automationFrameworkState=AutomationFrameworkState.CREATE hookState=HookState.PRE
[90m2026-05-08T06:27:51.701Z[39m [32mDEBUG[39m [97m@wdio/browserstack-service[39m onBeforeDriverCreate: driver is about to be created
[90m2026-05-08T06:27:51.701Z[39m [96mINFO[39m [97m@wdio/browserstack-service[39m Sending driverInitEvent
[90m2026-05-08T06:27:51.701Z[39m [32mDEBUG[39m [97m@wdio/browserstack-service[39m DriverInitEvent with clientWorkerId: 0-15361
[90m2026-05-08T06:27:51.702Z[39m [32mDEBUG[39m [97m@wdio/browserstack-service[39m Timestamp conversion for sdk:cli:on-bootstrap: 702.912167 -> 1778221671685.3481 (timeOrigin: 1778221670982.436)
[90m2026-05-08T06:27:51.702Z[39m [32mDEBUG[39m [97m@wdio/browserstack-service[39m Timestamp conversion for sdk:connectBinSession: 702.950958 -> 1778221671685.387 (timeOrigin: 1778221670982.436)
[90m2026-05-08T06:27:51.702Z[39m [32mDEBUG[39m [97m@wdio/browserstack-service[39m Timestamp conversion for sdk:connectBinSession: 702.950958 -> 1778221671685.387 (timeOrigin: 1778221670982.436)
[90m2026-05-08T06:27:51.702Z[39m [32mDEBUG[39m [97m@wdio/browserstack-service[39m Timestamp conversion for sdk:findNearestHub: 718.0105 -> 1778221671700.4465 (timeOrigin: 1778221670982.436)
[90m2026-05-08T06:27:51.705Z[39m [96mINFO[39m [97m@wdio/browserstack-service[39m driverInitEvent successful
[90m2026-05-08T06:27:51.705Z[39m [32mDEBUG[39m [97m@wdio/browserstack-service[39m Device allocation tracking started - waiting for WebDriverIO to create remote session
[90m2026-05-08T06:27:51.705Z[39m [32mDEBUG[39m [97m@wdio/browserstack-service[39m getBinDriverCapabilities: got hub url https://hub-aps.browserstack.com/wd/hub
[90m2026-05-08T06:27:51.705Z[39m [32mDEBUG[39m [97m@wdio/browserstack-service[39m getTrackedInstance: 15361:0
[90m2026-05-08T06:27:51.796Z[39m [32mDEBUG[39m [97m@wdio/browserstack-service[39m Timestamp conversion for sdk:hook: 702.711 -> 1778221671685.147 (timeOrigin: 1778221670982.436)
[90m2026-05-08T06:27:51.796Z[39m [32mDEBUG[39m [97m@wdio/browserstack-service[39m Timestamp conversion for sdk:driverInit: 702.844833 -> 1778221671685.2808 (timeOrigin: 1778221670982.436)
[90m2026-05-08T06:28:06.861Z[39m [32mDEBUG[39m [97m@wdio/browserstack-service[39m Device allocation tracking ended - remote session created successfully
[90m2026-05-08T06:28:06.862Z[39m [96mINFO[39m [97m@wdio/browserstack-service[39m trackEvent: automationFrameworkState=AutomationFrameworkState.CREATE hookState=HookState.POST
[90m2026-05-08T06:28:06.861Z[39m [96mINFO[39m [97m@wdio/browserstack-service[39m CLI is running, tracking accessibility event for before: 41fd57cc2cf4bd4a6c302865ce77199e8f38f020
[90m2026-05-08T06:28:06.861Z[39m [32mDEBUG[39m [97m@wdio/browserstack-service[39m Skipping method: Console, exists: true, type: function
[90m2026-05-08T06:28:06.861Z[39m [96mINFO[39m [97m@wdio/browserstack-service[39m CLI is running, tracking insights event for before: 41fd57cc2cf4bd4a6c302865ce77199e8f38f020
[90m2026-05-08T06:28:06.866Z[39m [32mDEBUG[39m [97m@wdio/browserstack-service[39m Timestamp conversion for sdk:device-allocation: 722.443 -> 1778221671704.8792 (timeOrigin: 1778221670982.436)
[90m2026-05-08T06:28:06.866Z[39m [32mDEBUG[39m [97m@wdio/browserstack-service[39m Timestamp conversion for sdk:hook: 15873.330667 -> 1778221686855.7666 (timeOrigin: 1778221670982.436)
[90m2026-05-08T06:28:06.866Z[39m [32mDEBUG[39m [97m@wdio/browserstack-service[39m Timestamp conversion for sdk:driver:pre-initialization: 15873.586042 -> 1778221686856.022 (timeOrigin: 1778221670982.436)
[90m2026-05-08T06:28:06.866Z[39m [32mDEBUG[39m [97m@wdio/browserstack-service[39m Timestamp conversion for sdk:o11y:sync: 15874.516 -> 1778221686856.9521 (timeOrigin: 1778221670982.436)
[90m2026-05-08T06:28:06.862Z[39m [96mINFO[39m [97m@wdio/browserstack-service[39m trackEvent: automationFrameworkState=AutomationFrameworkState.CREATE hookState=HookState.POST args=[object Object]
[90m2026-05-08T06:28:06.862Z[39m [96mINFO[39m [97m@wdio/browserstack-service[39m resolveInstance: resolving instance for automationFrameworkState=AutomationFrameworkState.CREATE hookState=HookState.POST
[90m2026-05-08T06:28:06.862Z[39m [32mDEBUG[39m [97m@wdio/browserstack-service[39m getTrackedInstance: 15361:0
[90m2026-05-08T06:28:06.862Z[39m [96mINFO[39m [97m@wdio/browserstack-service[39m trackWebdriverIOInstance: instance already exists
[90m2026-05-08T06:28:06.862Z[39m [32mDEBUG[39m [97m@wdio/browserstack-service[39m getTrackedInstance: 15361:0
[90m2026-05-08T06:28:06.862Z[39m [96mINFO[39m [97m@wdio/browserstack-service[39m runHooks: automationFrameworkState=AutomationFrameworkState.CREATE hookState=HookState.POST
[90m2026-05-08T06:28:06.862Z[39m [32mDEBUG[39m [97m@wdio/browserstack-service[39m onDriverCreated: Called
[90m2026-05-08T06:28:06.862Z[39m [32mDEBUG[39m [97m@wdio/browserstack-service[39m onDriverCreated: Driver session ID: 41fd57cc2cf4bd4a6c302865ce77199e8f38f020
[90m2026-05-08T06:28:06.862Z[39m [32mDEBUG[39m [97m@wdio/browserstack-service[39m onDriverCreated: Driver capabilities: {"platform":"LINUX","webStorageEnabled":false,"takesScreenshot":true,"javascriptEnabled":true,"databaseEnabled":false,"networkConnectionEnabled":true,"locationContextEnabled":false,"warnings":{},"desired":{"platformName":"Android","bstack:options":{"hostName":"Luckys-MacBook-Air.local"},"goog:chromeOptions":{},"newCommandTimeout":0,"deviceName":"Samsung Galaxy S22 Ultra","chromedriverPorts":[[18111,18121]],"automationName":"UiAutomator2","systemPort":8201,"bundleID":"com.swaglabsmobileapp","bundleId":"com.swaglabsmobileapp","skipServerInstallation":true,"udid":"R5CT30ZT2TM","appPackage":"com.swaglabsmobileapp","appActivity":"com.swaglabsmobileapp.SplashActivity","nativeWebScreenshot":true,"disableSuppressAccessibilityService":true},"platformName":"Android","bstack:options":{"hostName":"Luckys-MacBook-Air.local"},"goog:chromeOptions":{},"newCommandTimeout":0,"deviceName":"R5CT30ZT2TM","chromedriverPorts":[[18111,18121]],"automationName":"UiAutomator2","systemPort":8201,"bundleID":"com.swaglabsmobileapp","bundleId":"com.swaglabsmobileapp","skipServerInstallation":true,"udid":"R5CT30ZT2TM","appPackage":"com.swaglabsmobileapp","appActivity":"com.swaglabsmobileapp.SplashActivity","nativeWebScreenshot":true,"disableSuppressAccessibilityService":true,"deviceUDID":"R5CT30ZT2TM","deviceApiLevel":31,"platformVersion":"12","deviceScreenSize":"1080x2316","deviceScreenDensity":450,"deviceModel":"SM-S908E","deviceManufacturer":"samsung","pixelRatio":2.8125,"statBarHeight":75,"viewportRect":{"left":0,"top":75,"width":1080,"height":2031}}
[90m2026-05-08T06:28:06.862Z[39m [32mDEBUG[39m [97m@wdio/browserstack-service[39m onDriverCreated: Is BrowserStack hub: true
[90m2026-05-08T06:28:06.862Z[39m [96mINFO[39m [97m@wdio/browserstack-service[39m onDriverCreated: Successfully processed driver creation for session: 41fd57cc2cf4bd4a6c302865ce77199e8f38f020
[90m2026-05-08T06:28:06.862Z[39m [96mINFO[39m [97m@wdio/browserstack-service[39m onBeforeTest: Observability sync done
[90m2026-05-08T06:28:06.867Z[39m [32mDEBUG[39m [97m@wdio/browserstack-service[39m Timestamp conversion for sdk:hook: 15879.041667 -> 1778221686861.4778 (timeOrigin: 1778221670982.436)
[90m2026-05-08T06:28:06.869Z[39m [96mINFO[39m [97m@wdio/browserstack-service[39m trackEvent: testFrameworkState=TestFrameworkState.INIT_TEST hookState=HookState.PRE
[90m2026-05-08T06:28:06.869Z[39m [96mINFO[39m [97m@wdio/browserstack-service[39m trackEvent: testFrameworkState=TestFrameworkState.INIT_TEST; hookState=HookState.PRE; args=[object Object]
[90m2026-05-08T06:28:06.869Z[39m [96mINFO[39m [97m@wdio/browserstack-service[39m resolveInstance: resolving instance for testFrameworkState=TestFrameworkState.INIT_TEST hookState=HookState.PRE
[90m2026-05-08T06:28:06.870Z[39m [96mINFO[39m [97m@wdio/browserstack-service[39m trackWdioMochaInstance: created instance for target=15361:0, state=TestFrameworkState.INIT_TEST, args=[object Object]
[90m2026-05-08T06:28:06.903Z[39m [96mINFO[39m [97m@wdio/browserstack-service[39m trackWdioMochaInstance: saved instance contextId=1aef62ee0e0d2ce0127968e88ceafae25f399f7b14a7ce21df4bc54529334e77 target=15361:0
[90m2026-05-08T06:28:06.904Z[39m [96mINFO[39m [97m@wdio/browserstack-service[39m Hook Started in PRE key = TestFrameworkState.INIT_TEST & hook = {"key":"TestFrameworkState.INIT_TEST","hook_id":"","hook_result":"pending","event_started_at":"2026-05-08T06:28:06.904Z","hook_logs":[],"hook_name":"Swaglabs e2e scenario 111","test_location":"test/specs/android/E2Eflow5.spec.js"}
[90m2026-05-08T06:28:06.904Z[39m [96mINFO[39m [97m@wdio/browserstack-service[39m trackHookEvents: hook state=TestFrameworkState.INIT_TEST.HookState.PRE, hooks started={}, hooks finished={}
[90m2026-05-08T06:28:06.904Z[39m [32mDEBUG[39m [97m@wdio/browserstack-service[39m trackEvent: tracked instance data={"test_framework_name":"WebdriverIO-mocha","test_framework_version":"9.27.0","test_logs":[],"test_hooks_finished":{},"test_hooks_started":{},"test_uuid":"53080b7d-3566-45ad-86a4-6607b22a8430","test_result":"pending","test_hook_last_started":"TestFrameworkState.INIT_TEST"}
[90m2026-05-08T06:28:06.904Z[39m [96mINFO[39m [97m@wdio/browserstack-service[39m runHooks: instance=[object Object] automationFrameworkState=TestFrameworkState.INIT_TEST hookState=HookState.PRE
[90m2026-05-08T06:28:06.904Z[39m [32mDEBUG[39m [97m@wdio/browserstack-service[39m onAllTestEvents: Called after all test events from cli configured module!!!
[90m2026-05-08T06:28:06.904Z[39m [96mINFO[39m [97m@wdio/browserstack-service[39m trackEvent: testFrameworkState=TestFrameworkState.TEST hookState=HookState.PRE
[90m2026-05-08T06:28:06.904Z[39m [96mINFO[39m [97m@wdio/browserstack-service[39m trackEvent: testFrameworkState=TestFrameworkState.TEST; hookState=HookState.PRE; args=[object Object]
[90m2026-05-08T06:28:06.904Z[39m [96mINFO[39m [97m@wdio/browserstack-service[39m resolveInstance: resolving instance for testFrameworkState=TestFrameworkState.TEST hookState=HookState.PRE
[90m2026-05-08T06:28:06.904Z[39m [96mINFO[39m [97m@wdio/browserstack-service[39m trackEvent: instanceData={"test_framework_name":"WebdriverIO-mocha","test_framework_version":"9.27.0","test_logs":[],"test_hooks_finished":{},"test_hooks_started":{},"test_uuid":"53080b7d-3566-45ad-86a4-6607b22a8430","test_result":"pending","test_hook_last_started":"TestFrameworkState.INIT_TEST"}
[90m2026-05-08T06:28:06.904Z[39m [96mINFO[39m [97m@wdio/browserstack-service[39m Hook Started in PRE key = TestFrameworkState.TEST & hook = {"key":"TestFrameworkState.TEST","hook_id":"","hook_result":"pending","event_started_at":"2026-05-08T06:28:06.904Z","hook_logs":[],"hook_name":"Swaglabs e2e scenario 111","test_location":"test/specs/android/E2Eflow5.spec.js"}
[90m2026-05-08T06:28:06.904Z[39m [96mINFO[39m [97m@wdio/browserstack-service[39m trackHookEvents: hook state=TestFrameworkState.TEST.HookState.PRE, hooks started={}, hooks finished={}
[90m2026-05-08T06:28:06.904Z[39m [32mDEBUG[39m [97m@wdio/browserstack-service[39m trackEvent: tracked instance data={"test_framework_name":"WebdriverIO-mocha","test_framework_version":"9.27.0","test_logs":[],"test_hooks_finished":{},"test_hooks_started":{},"test_uuid":"53080b7d-3566-45ad-86a4-6607b22a8430","test_result":"pending","test_hook_last_started":"TestFrameworkState.TEST","test_id":"Swaglabs Order placing flow 2 - Swaglabs e2e scenario 111","test_name":"Swaglabs e2e scenario 111","test_code":"async () => {\n  await LoginPage.loginToApplication()\n\n   \n }","test_location":"test/specs/android/E2Eflow5.spec.js","test_scope":"Swaglabs Order placing flow 2 - Swaglabs e2e scenario 111","test_scopes":["Swaglabs Order placing flow 2"],"test_started_at":"2026-05-08T06:28:06.904Z"}
[90m2026-05-08T06:28:06.904Z[39m [96mINFO[39m [97m@wdio/browserstack-service[39m runHooks: instance=[object Object] automationFrameworkState=TestFrameworkState.TEST hookState=HookState.PRE
[90m2026-05-08T06:28:06.905Z[39m [96mINFO[39m [97m@wdio/browserstack-service[39m onbeforeTest: inside automate module before test hook!
[90m2026-05-08T06:28:06.905Z[39m [32mDEBUG[39m [97m@wdio/browserstack-service[39m getTrackedInstance: 15361:0
[90m2026-05-08T06:28:06.905Z[39m [32mDEBUG[39m [97m@wdio/browserstack-service[39m onBeforeTest: Called after test hook from cli configured module!!!
[90m2026-05-08T06:28:06.905Z[39m [32mDEBUG[39m [97m@wdio/browserstack-service[39m getTrackedInstance: 15361:0
[90m2026-05-08T06:28:06.905Z[39m [32mDEBUG[39m [97m@wdio/browserstack-service[39m sendTestSessionEvent: Called
[90m2026-05-08T06:28:06.905Z[39m [32mDEBUG[39m [97m@wdio/browserstack-service[39m sendTestSessionEvent: setup
[90m2026-05-08T06:28:06.905Z[39m [32mDEBUG[39m [97m@wdio/browserstack-service[39m sendTestSessionEvent: instance iteration [{"frameworkName":"WebdriverIO","frameworkVersion":{"WebdriverIO":"9.27.0"},"state":{"value":1}}]
[90m2026-05-08T06:28:06.905Z[39m [32mDEBUG[39m [97m@wdio/browserstack-service[39m sendTestSessionEvent: automationSession: {"provider":"browserstack","ref":"1aef62ee0e0d2ce0127968e88ceafae25f399f7b14a7ce21df4bc54529334e77","hubUrl":"https://hub-aps.browserstack.com/wd/hub","frameworkSessionId":"41fd57cc2cf4bd4a6c302865ce77199e8f38f020","frameworkName":"WebdriverIO","frameworkVersion":{"WebdriverIO":"9.27.0"}}
[90m2026-05-08T06:28:06.905Z[39m [32mDEBUG[39m [97m@wdio/browserstack-service[39m sendTestSessionEvent payload: {"testFrameworkName":"WebdriverIO-mocha","testFrameworkVersion":"9.27.0","testFrameworkState":"TEST","testHookState":"PRE","testUuid":"53080b7d-3566-45ad-86a4-6607b22a8430","executionContext":{"threadId":"0","processId":"15361"},"automationSessions":[{"provider":"browserstack","ref":"1aef62ee0e0d2ce0127968e88ceafae25f399f7b14a7ce21df4bc54529334e77","hubUrl":"https://hub-aps.browserstack.com/wd/hub","frameworkSessionId":"41fd57cc2cf4bd4a6c302865ce77199e8f38f020","frameworkName":"WebdriverIO","frameworkVersion":{"WebdriverIO":"9.27.0"}}],"platformIndex":0,"capabilities":{"0":123,"1":34,"2":112,"3":108,"4":97,"5":116,"6":102,"7":111,"8":114,"9":109,"10":34,"11":58,"12":34,"13":76,"14":73,"15":78,"16":85,"17":88,"18":34,"19":44,"20":34,"21":119,"22":101,"23":98,"24":83,"25":116,"26":111,"27":114,"28":97,"29":103,"30":101,"31":69,"32":110,"33":97,"34":98,"35":108,"36":101,"37":100,"38":34,"39":58,"40":102,"41":97,"42":108,"43":115,"44":101,"45":44,"46":34,"47":116,"48":97,"49":107,"50":101,"51":115,"52":83,"53":99,"54":114,"55":101,"56":101,"57":110,"58":115,"59":104,"60":111,"61":116,"62":34,"63":58,"64":116,"65":114,"66":117,"67":101,"68":44,"69":34,"70":106,"71":97,"72":118,"73":97,"74":115,"75":99,"76":114,"77":105,"78":112,"79":116,"80":69,"81":110,"82":97,"83":98,"84":108,"85":101,"86":100,"87":34,"88":58,"89":116,"90":114,"91":117,"92":101,"93":44,"94":34,"95":100,"96":97,"97":116,"98":97,"99":98,"100":97,"101":115,"102":101,"103":69,"104":110,"105":97,"106":98,"107":108,"108":101,"109":100,"110":34,"111":58,"112":102,"113":97,"114":108,"115":115,"116":101,"117":44,"118":34,"119":110,"120":101,"121":116,"122":119,"123":111,"124":114,"125":107,"126":67,"127":111,"128":110,"129":110,"130":101,"131":99,"132":116,"133":105,"134":111,"135":110,"136":69,"137":110,"138":97,"139":98,"140":108,"141":101,"142":100,"143":34,"144":58,"145":116,"146":114,"147":117,"148":101,"149":44,"150":34,"151":108,"152":111,"153":99,"154":97,"155":116,"156":105,"157":111,"158":110,"159":67,"160":111,"161":110,"162":116,"163":101,"164":120,"165":116,"166":69,"167":110,"168":97,"169":98,"170":108,"171":101,"172":100,"173":34,"174":58,"175":102,"176":97,"177":108,"178":115,"179":101,"180":44,"181":34,"182":119,"183":97,"184":114,"185":110,"186":105,"187":110,"188":103,"189":115,"190":34,"191":58,"192":123,"193":125,"194":44,"195":34,"196":100,"197":101,"198":115,"199":105,"200":114,"201":101,"202":100,"203":34,"204":58,"205":123,"206":34,"207":112,"208":108,"209":97,"210":116,"211":102,"212":111,"213":114,"214":109,"215":78,"216":97,"217":109,"218":101,"219":34,"220":58,"221":34,"222":65,"223":110,"224":100,"225":114,"226":111,"227":105,"228":100,"229":34,"230":44,"231":34,"232":98,"233":115,"234":116,"235":97,"236":99,"237":107,"238":58,"239":111,"240":112,"241":116,"242":105,"243":111,"244":110,"245":115,"246":34,"247":58,"248":123,"249":34,"250":104,"251":111,"252":115,"253":116,"254":78,"255":97,"256":109,"257":101,"258":34,"259":58,"260":34,"261":76,"262":117,"263":99,"264":107,"265":121,"266":115,"267":45,"268":77,"269":97,"270":99,"271":66,"272":111,"273":111,"274":107,"275":45,"276":65,"277":105,"278":114,"279":46,"280":108,"281":111,"282":99,"283":97,"284":108,"285":34,"286":125,"287":44,"288":34,"289":103,"290":111,"291":111,"292":103,"293":58,"294":99,"295":104,"296":114,"297":111,"298":109,"299":101,"300":79,"301":112,"302":116,"303":105,"304":111,"305":110,"306":115,"307":34,"308":58,"309":123,"310":125,"311":44,"312":34,"313":110,"314":101,"315":119,"316":67,"317":111,"318":109,"319":109,"320":97,"321":110,"322":100,"323":84,"324":105,"325":109,"326":101,"327":111,"328":117,"329":116,"330":34,"331":58,"332":48,"333":44,"334":34,"335":100,"336":101,"337":118,"338":105,"339":99,"340":101,"341":78,"342":97,"343":109,"344":101,"345":34,"346":58,"347":34,"348":83,"349":97,"350":109,"351":115,"352":117,"353":110,"354":103,"355":32,"356":71,"357":97,"358":108,"359":97,"360":120,"361":121,"362":32,"363":83,"364":50,"365":50,"366":32,"367":85,"368":108,"369":116,"370":114,"371":97,"372":34,"373":44,"374":34,"375":99,"376":104,"377":114,"378":111,"379":109,"380":101,"381":100,"382":114,"383":105,"384":118,"385":101,"386":114,"387":80,"388":111,"389":114,"390":116,"391":115,"392":34,"393":58,"394":91,"395":91,"396":49,"397":56,"398":49,"399":49,"400":49,"401":44,"402":49,"403":56,"404":49,"405":50,"406":49,"407":93,"408":93,"409":44,"410":34,"411":97,"412":117,"413":116,"414":111,"415":109,"416":97,"417":116,"418":105,"419":111,"420":110,"421":78,"422":97,"423":109,"424":101,"425":34,"426":58,"427":34,"428":85,"429":105,"430":65,"431":117,"432":116,"433":111,"434":109,"435":97,"436":116,"437":111,"438":114,"439":50,"440":34,"441":44,"442":34,"443":115,"444":121,"445":115,"446":116,"447":101,"448":109,"449":80,"450":111,"451":114,"452":116,"453":34,"454":58,"455":56,"456":50,"457":48,"458":49,"459":44,"460":34,"461":98,"462":117,"463":110,"464":100,"465":108,"466":101,"467":73,"468":68,"469":34,"470":58,"471":34,"472":99,"473":111,"474":109,"475":46,"476":115,"477":119,"478":97,"479":103,"480":108,"481":97,"482":98,"483":115,"484":109,"485":111,"486":98,"487":105,"488":108,"489":101,"490":97,"491":112,"492":112,"493":34,"494":44,"495":34,"496":98,"497":117,"498":110,"499":100,"500":108,"501":101,"502":73,"503":100,"504":34,"505":58,"506":34,"507":99,"508":111,"509":109,"510":46,"511":115,"512":119,"513":97,"514":103,"515":108,"516":97,"517":98,"518":115,"519":109,"520":111,"521":98,"522":105,"523":108,"524":101,"525":97,"526":112,"527":112,"528":34,"529":44,"530":34,"531":115,"532":107,"533":105,"534":112,"535":83,"536":101,"537":114,"538":118,"539":101,"540":114,"541":73,"542":110,"543":115,"544":116,"545":97,"546":108,"547":108,"548":97,"549":116,"550":105,"551":111,"552":110,"553":34,"554":58,"555":116,"556":114,"557":117,"558":101,"559":44,"560":34,"561":117,"562":100,"563":105,"564":100,"565":34,"566":58,"567":34,"568":82,"569":53,"570":67,"571":84,"572":51,"573":48,"574":90,"575":84,"576":50,"577":84,"578":77,"579":34,"580":44,"581":34,"582":97,"583":112,"584":112,"585":80,"586":97,"587":99,"588":107,"589":97,"590":103,"591":101,"592":34,"593":58,"594":34,"595":99,"596":111,"597":109,"598":46,"599":115,"600":119,"601":97,"602":103,"603":108,"604":97,"605":98,"606":115,"607":109,"608":111,"609":98,"610":105,"611":108,"612":101,"613":97,"614":112,"615":112,"616":34,"617":44,"618":34,"619":97,"620":112,"621":112,"622":65,"623":99,"624":116,"625":105,"626":118,"627":105,"628":116,"629":121,"630":34,"631":58,"632":34,"633":99,"634":111,"635":109,"636":46,"637":115,"638":119,"639":97,"640":103,"641":108,"642":97,"643":98,"644":115,"645":109,"646":111,"647":98,"648":105,"649":108,"650":101,"651":97,"652":112,"653":112,"654":46,"655":83,"656":112,"657":108,"658":97,"659":115,"660":104,"661":65,"662":99,"663":116,"664":105,"665":118,"666":105,"667":116,"668":121,"669":34,"670":44,"671":34,"672":110,"673":97,"674":116,"675":105,"676":118,"677":101,"678":87,"679":101,"680":98,"681":83,"682":99,"683":114,"684":101,"685":101,"686":110,"687":115,"688":104,"689":111,"690":116,"691":34,"692":58,"693":116,"694":114,"695":117,"696":101,"697":44,"698":34,"699":100,"700":105,"701":115,"702":97,"703":98,"704":108,"705":101,"706":83,"707":117,"708":112,"709":112,"710":114,"711":101,"712":115,"713":115,"714":65,"715":99,"716":99,"717":101,"718":115,"719":115,"720":105,"721":98,"722":105,"723":108,"724":105,"725":116,"726":121,"727":83,"728":101,"729":114,"730":118,"731":105,"732":99,"733":101,"734":34,"735":58,"736":116,"737":114,"738":117,"739":101,"740":125,"741":44,"742":34,"743":112,"744":108,"745":97,"746":116,"747":102,"748":111,"749":114,"750":109,"751":78,"752":97,"753":109,"754":101,"755":34,"756":58,"757":34,"758":65,"759":110,"760":100,"761":114,"762":111,"763":105,"764":100,"765":34,"766":44,"767":34,"768":98,"769":115,"770":116,"771":97,"772":99,"773":107,"774":58,"775":111,"776":112,"777":116,"778":105,"779":111,"780":110,"781":115,"782":34,"783":58,"784":123,"785":34,"786":104,"787":111,"788":115,"789":116,"790":78,"791":97,"792":109,"793":101,"794":34,"795":58,"796":34,"797":76,"798":117,"799":99,"800":107,"801":121,"802":115,"803":45,"804":77,"805":97,"806":99,"807":66,"808":111,"809":111,"810":107,"811":45,"812":65,"813":105,"814":114,"815":46,"816":108,"817":111,"818":99,"819":97,"820":108,"821":34,"822":125,"823":44,"824":34,"825":103,"826":111,"827":111,"828":103,"829":58,"830":99,"831":104,"832":114,"833":111,"834":109,"835":101,"836":79,"837":112,"838":116,"839":105,"840":111,"841":110,"842":115,"843":34,"844":58,"845":123,"846":125,"847":44,"848":34,"849":110,"850":101,"851":119,"852":67,"853":111,"854":109,"855":109,"856":97,"857":110,"858":100,"859":84,"860":105,"861":109,"862":101,"863":111,"864":117,"865":116,"866":34,"867":58,"868":48,"869":44,"870":34,"871":100,"872":101,"873":118,"874":105,"875":99,"876":101,"877":78,"878":97,"879":109,"880":101,"881":34,"882":58,"883":34,"884":82,"885":53,"886":67,"887":84,"888":51,"889":48,"890":90,"891":84,"892":50,"893":84,"894":77,"895":34,"896":44,"897":34,"898":99,"899":104,"900":114,"901":111,"902":109,"903":101,"904":100,"905":114,"906":105,"907":118,"908":101,"909":114,"910":80,"911":111,"912":114,"913":116,"914":115,"915":34,"916":58,"917":91,"918":91,"919":49,"920":56,"921":49,"922":49,"923":49,"924":44,"925":49,"926":56,"927":49,"928":50,"929":49,"930":93,"931":93,"932":44,"933":34,"934":97,"935":117,"936":116,"937":111,"938":109,"939":97,"940":116,"941":105,"942":111,"943":110,"944":78,"945":97,"946":109,"947":101,"948":34,"949":58,"950":34,"951":85,"952":105,"953":65,"954":117,"955":116,"956":111,"957":109,"958":97,"959":116,"960":111,"961":114,"962":50,"963":34,"964":44,"965":34,"966":115,"967":121,"968":115,"969":116,"970":101,"971":109,"972":80,"973":111,"974":114,"975":116,"976":34,"977":58,"978":56,"979":50,"980":48,"981":49,"982":44,"983":34,"984":98,"985":117,"986":110,"987":100,"988":108,"989":101,"990":73,"991":68,"992":34,"993":58,"994":34,"995":99,"996":111,"997":109,"998":46,"999":115,"1000":119,"1001":97,"1002":103,"1003":108,"1004":97,"1005":98,"1006":115,"1007":109,"1008":111,"1009":98,"1010":105,"1011":108,"1012":101,"1013":97,"1014":112,"1015":112,"1016":34,"1017":44,"1018":34,"1019":98,"1020":117,"1021":110,"1022":100,"1023":108,"1024":101,"1025":73,"1026":100,"1027":34,"1028":58,"1029":34,"1030":99,"1031":111,"1032":109,"1033":46,"1034":115,"1035":119,"1036":97,"1037":103,"1038":108,"1039":97,"1040":98,"1041":115,"1042":109,"1043":111,"1044":98,"1045":105,"1046":108,"1047":101,"1048":97,"1049":112,"1050":112,"1051":34,"1052":44,"1053":34,"1054":115,"1055":107,"1056":105,"1057":112,"1058":83,"1059":101,"1060":114,"1061":118,"1062":101,"1063":114,"1064":73,"1065":110,"1066":115,"1067":116,"1068":97,"1069":108,"1070":108,"1071":97,"1072":116,"1073":105,"1074":111,"1075":110,"1076":34,"1077":58,"1078":116,"1079":114,"1080":117,"1081":101,"1082":44,"1083":34,"1084":117,"1085":100,"1086":105,"1087":100,"1088":34,"1089":58,"1090":34,"1091":82,"1092":53,"1093":67,"1094":84,"1095":51,"1096":48,"1097":90,"1098":84,"1099":50,"1100":84,"1101":77,"1102":34,"1103":44,"1104":34,"1105":97,"1106":112,"1107":112,"1108":80,"1109":97,"1110":99,"1111":107,"1112":97,"1113":103,"1114":101,"1115":34,"1116":58,"1117":34,"1118":99,"1119":111,"1120":109,"1121":46,"1122":115,"1123":119,"1124":97,"1125":103,"1126":108,"1127":97,"1128":98,"1129":115,"1130":109,"1131":111,"1132":98,"1133":105,"1134":108,"1135":101,"1136":97,"1137":112,"1138":112,"1139":34,"1140":44,"1141":34,"1142":97,"1143":112,"1144":112,"1145":65,"1146":99,"1147":116,"1148":105,"1149":118,"1150":105,"1151":116,"1152":121,"1153":34,"1154":58,"1155":34,"1156":99,"1157":111,"1158":109,"1159":46,"1160":115,"1161":119,"1162":97,"1163":103,"1164":108,"1165":97,"1166":98,"1167":115,"1168":109,"1169":111,"1170":98,"1171":105,"1172":108,"1173":101,"1174":97,"1175":112,"1176":112,"1177":46,"1178":83,"1179":112,"1180":108,"1181":97,"1182":115,"1183":104,"1184":65,"1185":99,"1186":116,"1187":105,"1188":118,"1189":105,"1190":116,"1191":121,"1192":34,"1193":44,"1194":34,"1195":110,"1196":97,"1197":116,"1198":105,"1199":118,"1200":101,"1201":87,"1202":101,"1203":98,"1204":83,"1205":99,"1206":114,"1207":101,"1208":101,"1209":110,"1210":115,"1211":104,"1212":111,"1213":116,"1214":34,"1215":58,"1216":116,"1217":114,"1218":117,"1219":101,"1220":44,"1221":34,"1222":100,"1223":105,"1224":115,"1225":97,"1226":98,"1227":108,"1228":101,"1229":83,"1230":117,"1231":112,"1232":112,"1233":114,"1234":101,"1235":115,"1236":115,"1237":65,"1238":99,"1239":99,"1240":101,"1241":115,"1242":115,"1243":105,"1244":98,"1245":105,"1246":108,"1247":105,"1248":116,"1249":121,"1250":83,"1251":101,"1252":114,"1253":118,"1254":105,"1255":99,"1256":101,"1257":34,"1258":58,"1259":116,"1260":114,"1261":117,"1262":101,"1263":44,"1264":34,"1265":100,"1266":101,"1267":118,"1268":105,"1269":99,"1270":101,"1271":85,"1272":68,"1273":73,"1274":68,"1275":34,"1276":58,"1277":34,"1278":82,"1279":53,"1280":67,"1281":84,"1282":51,"1283":48,"1284":90,"1285":84,"1286":50,"1287":84,"1288":77,"1289":34,"1290":44,"1291":34,"1292":100,"1293":101,"1294":118,"1295":105,"1296":99,"1297":101,"1298":65,"1299":112,"1300":105,"1301":76,"1302":101,"1303":118,"1304":101,"1305":108,"1306":34,"1307":58,"1308":51,"1309":49,"1310":44,"1311":34,"1312":112,"1313":108,"1314":97,"1315":116,"1316":102,"1317":111,"1318":114,"1319":109,"1320":86,"1321":101,"1322":114,"1323":115,"1324":105,"1325":111,"1326":110,"1327":34,"1328":58,"1329":34,"1330":49,"1331":50,"1332":34,"1333":44,"1334":34,"1335":100,"1336":101,"1337":118,"1338":105,"1339":99,"1340":101,"1341":83,"1342":99,"1343":114,"1344":101,"1345":101,"1346":110,"1347":83,"1348":105,"1349":122,"1350":101,"1351":34,"1352":58,"1353":34,"1354":49,"1355":48,"1356":56,"1357":48,"1358":120,"1359":50,"1360":51,"1361":49,"1362":54,"1363":34,"1364":44,"1365":34,"1366":100,"1367":101,"1368":118,"1369":105,"1370":99,"1371":101,"1372":83,"1373":99,"1374":114,"1375":101,"1376":101,"1377":110,"1378":68,"1379":101,"1380":110,"1381":115,"1382":105,"1383":116,"1384":121,"1385":34,"1386":58,"1387":52,"1388":53,"1389":48,"1390":44,"1391":34,"1392":100,"1393":101,"1394":118,"1395":105,"1396":99,"1397":101,"1398":77,"1399":111,"1400":100,"1401":101,"1402":108,"1403":34,"1404":58,"1405":34,"1406":83,"1407":77,"1408":45,"1409":83,"1410":57,"1411":48,"1412":56,"1413":69,"1414":34,"1415":44,"1416":34,"1417":100,"1418":101,"1419":118,"1420":105,"1421":99,"1422":101,"1423":77,"1424":97,"1425":110,"1426":117,"1427":102,"1428":97,"1429":99,"1430":116,"1431":117,"1432":114,"1433":101,"1434":114,"1435":34,"1436":58,"1437":34,"1438":115,"1439":97,"1440":109,"1441":115,"1442":117,"1443":110,"1444":103,"1445":34,"1446":44,"1447":34,"1448":112,"1449":105,"1450":120,"1451":101,"1452":108,"1453":82,"1454":97,"1455":116,"1456":105,"1457":111,"1458":34,"1459":58,"1460":50,"1461":46,"1462":56,"1463":49,"1464":50,"1465":53,"1466":44,"1467":34,"1468":115,"1469":116,"1470":97,"1471":116,"1472":66,"1473":97,"1474":114,"1475":72,"1476":101,"1477":105,"1478":103,"1479":104,"1480":116,"1481":34,"1482":58,"1483":55,"1484":53,"1485":44,"1486":34,"1487":118,"1488":105,"1489":101,"1490":119,"1491":112,"1492":111,"1493":114,"1494":116,"1495":82,"1496":101,"1497":99,"1498":116,"1499":34,"1500":58,"1501":123,"1502":34,"1503":108,"1504":101,"1505":102,"1506":116,"1507":34,"1508":58,"1509":48,"1510":44,"1511":34,"1512":116,"1513":111,"1514":112,"1515":34,"1516":58,"1517":55,"1518":53,"1519":44,"1520":34,"1521":119,"1522":105,"1523":100,"1524":116,"1525":104,"1526":34,"1527":58,"1528":49,"1529":48,"1530":56,"1531":48,"1532":44,"1533":34,"1534":104,"1535":101,"1536":105,"1537":103,"1538":104,"1539":116,"1540":34,"1541":58,"1542":50,"1543":48,"1544":51,"1545":49,"1546":125,"1547":125}}
[90m2026-05-08T06:28:06.905Z[39m [96mINFO[39m [97m@wdio/browserstack-service[39m Sending TestSessionEvent for worker: 0-15361
[90m2026-05-08T06:28:06.905Z[39m [32mDEBUG[39m [97m@wdio/browserstack-service[39m onAllTestEvents: Called after all test events from cli configured module!!!
[90m2026-05-08T06:28:06.906Z[39m [32mDEBUG[39m [97m@wdio/browserstack-service[39m sendTestFrameworkEvent for testState: TEST hookState: PRE
[90m2026-05-08T06:28:06.906Z[39m [32mDEBUG[39m [97m@wdio/browserstack-service[39m sendTestFrameworkEvent payload: {"platformIndex":0,"testFrameworkName":"WebdriverIO-mocha","testFrameworkVersion":"9.27.0","testFrameworkState":"TEST","testHookState":"PRE","startedAt":"2026-05-08T06:28:06.904Z","endedAt":"","uuid":"53080b7d-3566-45ad-86a4-6607b22a8430","eventJson":{"type":"Buffer","data":[123,34,116,101,115,116,95,102,114,97,109,101,119,111,114,107,95,110,97,109,101,34,58,34,87,101,98,100,114,105,118,101,114,73,79,45,109,111,99,104,97,34,44,34,116,101,115,116,95,102,114,97,109,101,119,111,114,107,95,118,101,114,115,105,111,110,34,58,34,57,46,50,55,46,48,34,44,34,116,101,115,116,95,108,111,103,115,34,58,91,93,44,34,116,101,115,116,95,104,111,111,107,115,95,102,105,110,105,115,104,101,100,34,58,123,125,44,34,116,101,115,116,95,104,111,111,107,115,95,115,116,97,114,116,101,100,34,58,123,125,44,34,116,101,115,116,95,117,117,105,100,34,58,34,53,51,48,56,48,98,55,100,45,51,53,54,54,45,52,53,97,100,45,56,54,97,52,45,54,54,48,55,98,50,50,97,56,52,51,48,34,44,34,116,101,115,116,95,114,101,115,117,108,116,34,58,34,112,101,110,100,105,110,103,34,44,34,116,101,115,116,95,104,111,111,107,95,108,97,115,116,95,115,116,97,114,116,101,100,34,58,34,84,101,115,116,70,114,97,109,101,119,111,114,107,83,116,97,116,101,46,84,69,83,84,34,44,34,116,101,115,116,95,105,100,34,58,34,83,119,97,103,108,97,98,115,32,79,114,100,101,114,32,112,108,97,99,105,110,103,32,102,108,111,119,32,50,32,45,32,83,119,97,103,108,97,98,115,32,101,50,101,32,115,99,101,110,97,114,105,111,32,49,49,49,34,44,34,116,101,115,116,95,110,97,109,101,34,58,34,83,119,97,103,108,97,98,115,32,101,50,101,32,115,99,101,110,97,114,105,111,32,49,49,49,34,44,34,116,101,115,116,95,99,111,100,101,34,58,34,97,115,121,110,99,32,40,41,32,61,62,32,123,92,110,32,32,97,119,97,105,116,32,76,111,103,105,110,80,97,103,101,46,108,111,103,105,110,84,111,65,112,112,108,105,99,97,116,105,111,110,40,41,92,110,92,110,32,32,32,92,110,32,125,34,44,34,116,101,115,116,95,108,111,99,97,116,105,111,110,34,58,34,116,101,115,116,47,115,112,101,99,115,47,97,110,100,114,111,105,100,47,69,50,69,102,108,111,119,53,46,115,112,101,99,46,106,115,34,44,34,116,101,115,116,95,115,99,111,112,101,34,58,34,83,119,97,103,108,97,98,115,32,79,114,100,101,114,32,112,108,97,99,105,110,103,32,102,108,111,119,32,50,32,45,32,83,119,97,103,108,97,98,115,32,101,50,101,32,115,99,101,110,97,114,105,111,32,49,49,49,34,44,34,116,101,115,116,95,115,99,111,112,101,115,34,58,91,34,83,119,97,103,108,97,98,115,32,79,114,100,101,114,32,112,108,97,99,105,110,103,32,102,108,111,119,32,50,34,93,44,34,116,101,115,116,95,115,116,97,114,116,101,100,95,97,116,34,58,34,50,48,50,54,45,48,53,45,48,56,84,48,54,58,50,56,58,48,54,46,57,48,52,90,34,44,34,97,117,116,111,109,97,116,101,95,115,101,115,115,105,111,110,95,110,97,109,101,34,58,34,83,119,97,103,108,97,98,115,32,79,114,100,101,114,32,112,108,97,99,105,110,103,32,102,108,111,119,32,50,32,45,32,83,119,97,103,108,97,98,115,32,101,50,101,32,115,99,101,110,97,114,105,111,32,49,49,49,34,125]},"executionContext":{"hash":"1aef62ee0e0d2ce0127968e88ceafae25f399f7b14a7ce21df4bc54529334e77","threadId":"0","processId":"15361"}}
[90m2026-05-08T06:28:06.906Z[39m [96mINFO[39m [97m@wdio/browserstack-service[39m Sending TestFrameworkEvent for worker: 0-15361
[90m2026-05-08T06:28:06.910Z[39m [32mDEBUG[39m [97m@wdio/browserstack-service[39m Timestamp conversion for sdk:hook: 15881.607125 -> 1778221686864.0432 (timeOrigin: 1778221670982.436)
[90m2026-05-08T06:28:06.928Z[39m [96mINFO[39m [97m@wdio/browserstack-service[39m testSessionEvent successful for worker: 0-15361
[90m2026-05-08T06:28:06.929Z[39m [32mDEBUG[39m [97m@wdio/browserstack-service[39m Timestamp conversion for sdk:testSessionEvent: 15917.645708 -> 1778221686900.0818 (timeOrigin: 1778221670982.436)
[90m2026-05-08T06:28:06.928Z[39m [32mDEBUG[39m [97m@wdio/browserstack-service[39m sendTestSessionEvent complete for testState: TEST hookState: PRE
[90m2026-05-08T06:28:06.929Z[39m [96mINFO[39m [97m@wdio/browserstack-service[39m testFrameworkEvent successful for worker: 0-15361
[90m2026-05-08T06:28:06.929Z[39m [32mDEBUG[39m [97m@wdio/browserstack-service[39m sendTestFrameworkEvent complete for testState: TEST hookState: PRE
[90m2026-05-08T06:28:06.929Z[39m [32mDEBUG[39m [97m@wdio/browserstack-service[39m Timestamp conversion for sdk:testFrameworkEvent-1778221686906-e44yj5: 15918.356333 -> 1778221686900.7925 (timeOrigin: 1778221670982.436)
[90m2026-05-08T06:28:16.332Z[39m [96mINFO[39m [97m@wdio/browserstack-service[39m trackEvent: testFrameworkState=TestFrameworkState.LOG_REPORT hookState=HookState.POST
[90m2026-05-08T06:28:16.333Z[39m [96mINFO[39m [97m@wdio/browserstack-service[39m trackEvent: testFrameworkState=TestFrameworkState.LOG_REPORT; hookState=HookState.POST; args=[object Object]
[90m2026-05-08T06:28:16.333Z[39m [96mINFO[39m [97m@wdio/browserstack-service[39m resolveInstance: resolving instance for testFrameworkState=TestFrameworkState.LOG_REPORT hookState=HookState.POST
[90m2026-05-08T06:28:16.333Z[39m [96mINFO[39m [97m@wdio/browserstack-service[39m trackEvent: load test results
[90m2026-05-08T06:28:16.333Z[39m [96mINFO[39m [97m@wdio/browserstack-service[39m Hook List in Post []
[90m2026-05-08T06:28:16.333Z[39m [96mINFO[39m [97m@wdio/browserstack-service[39m trackHookEvents: hook state=TestFrameworkState.LOG_REPORT.HookState.POST, hooks started={}, hooks finished={}
[90m2026-05-08T06:28:16.333Z[39m [32mDEBUG[39m [97m@wdio/browserstack-service[39m trackEvent: tracked instance data={"test_framework_name":"WebdriverIO-mocha","test_framework_version":"9.27.0","test_logs":[],"test_hooks_finished":{},"test_hooks_started":{},"test_uuid":"53080b7d-3566-45ad-86a4-6607b22a8430","test_result":"passed","test_hook_last_started":"TestFrameworkState.TEST","test_id":"Swaglabs Order placing flow 2 - Swaglabs e2e scenario 111","test_name":"Swaglabs e2e scenario 111","test_code":"async () => {\n  await LoginPage.loginToApplication()\n\n   \n }","test_location":"test/specs/android/E2Eflow5.spec.js","test_scope":"Swaglabs Order placing flow 2 - Swaglabs e2e scenario 111","test_scopes":["Swaglabs Order placing flow 2"],"test_started_at":"2026-05-08T06:28:06.904Z","automate_session_name":"Swaglabs Order placing flow 2 - Swaglabs e2e scenario 111","test_failure":null,"test_failure_reason":null,"test_failure_type":null}
[90m2026-05-08T06:28:16.333Z[39m [96mINFO[39m [97m@wdio/browserstack-service[39m runHooks: instance=[object Object] automationFrameworkState=TestFrameworkState.LOG_REPORT hookState=HookState.POST
[90m2026-05-08T06:28:16.333Z[39m [32mDEBUG[39m [97m@wdio/browserstack-service[39m onAllTestEvents: Called after all test events from cli configured module!!!
[90m2026-05-08T06:28:16.333Z[39m [96mINFO[39m [97m@wdio/browserstack-service[39m trackEvent: testFrameworkState=TestFrameworkState.TEST hookState=HookState.POST
[90m2026-05-08T06:28:16.333Z[39m [96mINFO[39m [97m@wdio/browserstack-service[39m trackEvent: testFrameworkState=TestFrameworkState.TEST; hookState=HookState.POST; args=[object Object]
[90m2026-05-08T06:28:16.333Z[39m [96mINFO[39m [97m@wdio/browserstack-service[39m resolveInstance: resolving instance for testFrameworkState=TestFrameworkState.TEST hookState=HookState.POST
[90m2026-05-08T06:28:16.333Z[39m [96mINFO[39m [97m@wdio/browserstack-service[39m Hook List in Post [{"key":"TestFrameworkState.TEST","hook_id":"","hook_result":"pending","event_started_at":"2026-05-08T06:28:06.904Z","hook_logs":[],"hook_name":"Swaglabs e2e scenario 111","test_location":"test/specs/android/E2Eflow5.spec.js"}]
[90m2026-05-08T06:28:16.333Z[39m [96mINFO[39m [97m@wdio/browserstack-service[39m trackHookEvents: hook state=TestFrameworkState.TEST.HookState.POST, hooks started={}, hooks finished={}
[90m2026-05-08T06:28:16.333Z[39m [32mDEBUG[39m [97m@wdio/browserstack-service[39m trackEvent: tracked instance data={"test_framework_name":"WebdriverIO-mocha","test_framework_version":"9.27.0","test_logs":[],"test_hooks_finished":{},"test_hooks_started":{},"test_uuid":"53080b7d-3566-45ad-86a4-6607b22a8430","test_result":"passed","test_hook_last_started":"TestFrameworkState.TEST","test_id":"Swaglabs Order placing flow 2 - Swaglabs e2e scenario 111","test_name":"Swaglabs e2e scenario 111","test_code":"async () => {\n  await LoginPage.loginToApplication()\n\n   \n }","test_location":"test/specs/android/E2Eflow5.spec.js","test_scope":"Swaglabs Order placing flow 2 - Swaglabs e2e scenario 111","test_scopes":["Swaglabs Order placing flow 2"],"test_started_at":"2026-05-08T06:28:06.904Z","automate_session_name":"Swaglabs Order placing flow 2 - Swaglabs e2e scenario 111","test_failure":null,"test_failure_reason":null,"test_failure_type":null,"test_ended_at":"2026-05-08T06:28:16.333Z","test_hook_last_finished":"TestFrameworkState.TEST"}
[90m2026-05-08T06:28:16.334Z[39m [96mINFO[39m [97m@wdio/browserstack-service[39m runHooks: instance=[object Object] automationFrameworkState=TestFrameworkState.TEST hookState=HookState.POST
[90m2026-05-08T06:28:16.334Z[39m [32mDEBUG[39m [97m@wdio/browserstack-service[39m onAfterTest: inside automate module after test hook!
[90m2026-05-08T06:28:16.334Z[39m [32mDEBUG[39m [97m@wdio/browserstack-service[39m getTrackedInstance: 15361:0
[90m2026-05-08T06:28:16.334Z[39m [32mDEBUG[39m [97m@wdio/browserstack-service[39m onAllTestEvents: Called after all test events from cli configured module!!!
[90m2026-05-08T06:28:16.334Z[39m [96mINFO[39m [97m@wdio/browserstack-service[39m onAllTestEvents: dropping due to lack of results
[90m2026-05-08T06:28:16.334Z[39m [32mDEBUG[39m [97m@wdio/browserstack-service[39m sendTestFrameworkEvent for testState: TEST hookState: POST
[90m2026-05-08T06:28:16.334Z[39m [32mDEBUG[39m [97m@wdio/browserstack-service[39m sendTestFrameworkEvent payload: {"platformIndex":0,"testFrameworkName":"WebdriverIO-mocha","testFrameworkVersion":"9.27.0","testFrameworkState":"TEST","testHookState":"POST","startedAt":"2026-05-08T06:28:06.904Z","endedAt":"2026-05-08T06:28:16.333Z","uuid":"53080b7d-3566-45ad-86a4-6607b22a8430","eventJson":{"type":"Buffer","data":[123,34,116,101,115,116,95,102,114,97,109,101,119,111,114,107,95,110,97,109,101,34,58,34,87,101,98,100,114,105,118,101,114,73,79,45,109,111,99,104,97,34,44,34,116,101,115,116,95,102,114,97,109,101,119,111,114,107,95,118,101,114,115,105,111,110,34,58,34,57,46,50,55,46,48,34,44,34,116,101,115,116,95,108,111,103,115,34,58,91,93,44,34,116,101,115,116,95,104,111,111,107,115,95,102,105,110,105,115,104,101,100,34,58,123,125,44,34,116,101,115,116,95,104,111,111,107,115,95,115,116,97,114,116,101,100,34,58,123,125,44,34,116,101,115,116,95,117,117,105,100,34,58,34,53,51,48,56,48,98,55,100,45,51,53,54,54,45,52,53,97,100,45,56,54,97,52,45,54,54,48,55,98,50,50,97,56,52,51,48,34,44,34,116,101,115,116,95,114,101,115,117,108,116,34,58,34,112,97,115,115,101,100,34,44,34,116,101,115,116,95,104,111,111,107,95,108,97,115,116,95,115,116,97,114,116,101,100,34,58,34,84,101,115,116,70,114,97,109,101,119,111,114,107,83,116,97,116,101,46,84,69,83,84,34,44,34,116,101,115,116,95,105,100,34,58,34,83,119,97,103,108,97,98,115,32,79,114,100,101,114,32,112,108,97,99,105,110,103,32,102,108,111,119,32,50,32,45,32,83,119,97,103,108,97,98,115,32,101,50,101,32,115,99,101,110,97,114,105,111,32,49,49,49,34,44,34,116,101,115,116,95,110,97,109,101,34,58,34,83,119,97,103,108,97,98,115,32,101,50,101,32,115,99,101,110,97,114,105,111,32,49,49,49,34,44,34,116,101,115,116,95,99,111,100,101,34,58,34,97,115,121,110,99,32,40,41,32,61,62,32,123,92,110,32,32,97,119,97,105,116,32,76,111,103,105,110,80,97,103,101,46,108,111,103,105,110,84,111,65,112,112,108,105,99,97,116,105,111,110,40,41,92,110,92,110,32,32,32,92,110,32,125,34,44,34,116,101,115,116,95,108,111,99,97,116,105,111,110,34,58,34,116,101,115,116,47,115,112,101,99,115,47,97,110,100,114,111,105,100,47,69,50,69,102,108,111,119,53,46,115,112,101,99,46,106,115,34,44,34,116,101,115,116,95,115,99,111,112,101,34,58,34,83,119,97,103,108,97,98,115,32,79,114,100,101,114,32,112,108,97,99,105,110,103,32,102,108,111,119,32,50,32,45,32,83,119,97,103,108,97,98,115,32,101,50,101,32,115,99,101,110,97,114,105,111,32,49,49,49,34,44,34,116,101,115,116,95,115,99,111,112,101,115,34,58,91,34,83,119,97,103,108,97,98,115,32,79,114,100,101,114,32,112,108,97,99,105,110,103,32,102,108,111,119,32,50,34,93,44,34,116,101,115,116,95,115,116,97,114,116,101,100,95,97,116,34,58,34,50,48,50,54,45,48,53,45,48,56,84,48,54,58,50,56,58,48,54,46,57,48,52,90,34,44,34,97,117,116,111,109,97,116,101,95,115,101,115,115,105,111,110,95,110,97,109,101,34,58,34,83,119,97,103,108,97,98,115,32,79,114,100,101,114,32,112,108,97,99,105,110,103,32,102,108,111,119,32,50,32,45,32,83,119,97,103,108,97,98,115,32,101,50,101,32,115,99,101,110,97,114,105,111,32,49,49,49,34,44,34,116,101,115,116,95,102,97,105,108,117,114,101,34,58,110,117,108,108,44,34,116,101,115,116,95,102,97,105,108,117,114,101,95,114,101,97,115,111,110,34,58,110,117,108,108,44,34,116,101,115,116,95,102,97,105,108,117,114,101,95,116,121,112,101,34,58,110,117,108,108,44,34,116,101,115,116,95,101,110,100,101,100,95,97,116,34,58,34,50,48,50,54,45,48,53,45,48,56,84,48,54,58,50,56,58,49,54,46,51,51,51,90,34,44,34,116,101,115,116,95,104,111,111,107,95,108,97,115,116,95,102,105,110,105,115,104,101,100,34,58,34,84,101,115,116,70,114,97,109,101,119,111,114,107,83,116,97,116,101,46,84,69,83,84,34,44,34,97,117,116,111,109,97,116,101,95,115,101,115,115,105,111,110,95,115,116,97,116,117,115,34,58,34,112,97,115,115,101,100,34,44,34,116,101,115,116,95,100,101,102,101,114,114,101,100,34,58,116,114,117,101,125]},"executionContext":{"hash":"1aef62ee0e0d2ce0127968e88ceafae25f399f7b14a7ce21df4bc54529334e77","threadId":"0","processId":"15361"}}
[90m2026-05-08T06:28:16.334Z[39m [96mINFO[39m [97m@wdio/browserstack-service[39m Sending TestFrameworkEvent for worker: 0-15361
[90m2026-05-08T06:28:16.337Z[39m [32mDEBUG[39m [97m@wdio/browserstack-service[39m Timestamp conversion for sdk:hook: 25343.422458 -> 1778221696325.8584 (timeOrigin: 1778221670982.436)
[90m2026-05-08T06:28:16.339Z[39m [96mINFO[39m [97m@wdio/browserstack-service[39m trackEvent: automationFrameworkState=AutomationFrameworkState.EXECUTE hookState=HookState.POST
[90m2026-05-08T06:28:16.339Z[39m [96mINFO[39m [97m@wdio/browserstack-service[39m trackEvent: automationFrameworkState=AutomationFrameworkState.EXECUTE hookState=HookState.POST args=[object Object]
[90m2026-05-08T06:28:16.339Z[39m [96mINFO[39m [97m@wdio/browserstack-service[39m resolveInstance: resolving instance for automationFrameworkState=AutomationFrameworkState.EXECUTE hookState=HookState.POST
[90m2026-05-08T06:28:16.340Z[39m [32mDEBUG[39m [97m@wdio/browserstack-service[39m getTrackedInstance: 15361:0
[90m2026-05-08T06:28:16.340Z[39m [96mINFO[39m [97m@wdio/browserstack-service[39m runHooks: automationFrameworkState=AutomationFrameworkState.EXECUTE hookState=HookState.POST
[90m2026-05-08T06:28:16.340Z[39m [32mDEBUG[39m [97m@wdio/browserstack-service[39m onAfterExecute: inside automate module after execute hook!
[90m2026-05-08T06:28:16.340Z[39m [96mINFO[39m [97m@wdio/browserstack-service[39m Marking session name for Automate
[90m2026-05-08T06:28:16.344Z[39m [32mDEBUG[39m [97m@wdio/browserstack-service[39m Timestamp conversion for sdk:testFrameworkEvent-1778221696334-mcyaen: 25345.400167 -> 1778221696327.8362 (timeOrigin: 1778221670982.436)
[90m2026-05-08T06:28:16.344Z[39m [96mINFO[39m [97m@wdio/browserstack-service[39m testFrameworkEvent successful for worker: 0-15361
[90m2026-05-08T06:28:16.344Z[39m [32mDEBUG[39m [97m@wdio/browserstack-service[39m sendTestFrameworkEvent complete for testState: TEST hookState: POST
[90m2026-05-08T06:28:16.636Z[39m [32mDEBUG[39m [97m@wdio/browserstack-service[39m Session name updated: { status: 404, message: 'Not Found' }. Done for sessionId 41fd57cc2cf4bd4a6c302865ce77199e8f38f020
[90m2026-05-08T06:28:16.637Z[39m [32mDEBUG[39m [97m@wdio/browserstack-service[39m Timestamp conversion for sdk:automate:session-name: 25351.445 -> 1778221696333.881 (timeOrigin: 1778221670982.436)
[90m2026-05-08T06:28:16.636Z[39m [96mINFO[39m [97m@wdio/browserstack-service[39m Marking session status for Automate
[90m2026-05-08T06:28:16.898Z[39m [32mDEBUG[39m [97m@wdio/browserstack-service[39m Session status updated: { status: 404, message: 'Not Found' }. Done for sessionId 41fd57cc2cf4bd4a6c302865ce77199e8f38f020
[90m2026-05-08T06:28:16.899Z[39m [32mDEBUG[39m [97m@wdio/browserstack-service[39m teardown started
[90m2026-05-08T06:28:16.899Z[39m [32mDEBUG[39m [97m@wdio/browserstack-service[39m teardown ended
[90m2026-05-08T06:28:16.901Z[39m [32mDEBUG[39m [97m@wdio/browserstack-service[39m Timestamp conversion for sdk:hook:after: 25349.926375 -> 1778221696332.3623 (timeOrigin: 1778221670982.436)
[90m2026-05-08T06:28:16.901Z[39m [32mDEBUG[39m [97m@wdio/browserstack-service[39m Timestamp conversion for sdk:driver:quit: 25349.94075 -> 1778221696332.3767 (timeOrigin: 1778221670982.436)
[90m2026-05-08T06:28:16.901Z[39m [32mDEBUG[39m [97m@wdio/browserstack-service[39m Timestamp conversion for sdk:automate:session-status: 25647.212583 -> 1778221696629.6487 (timeOrigin: 1778221670982.436)
[90m2026-05-08T06:28:16.901Z[39m [32mDEBUG[39m [97m@wdio/browserstack-service[39m Timestamp conversion for sdk:automate:session-status: 25909.312042 -> 1778221696891.748 (timeOrigin: 1778221670982.436)
[90m2026-05-08T06:28:16.901Z[39m [32mDEBUG[39m [97m@wdio/browserstack-service[39m Timestamp conversion for sdk:listener:worker-end: 25909.576083 -> 1778221696892.0122 (timeOrigin: 1778221670982.436)
[90m2026-05-08T06:28:16.901Z[39m [32mDEBUG[39m [97m@wdio/browserstack-service[39m Timestamp conversion for sdk:worker:save-data: 25909.813292 -> 1778221696892.2493 (timeOrigin: 1778221670982.436)
[90m2026-05-08T06:28:18.849Z[39m [32mDEBUG[39m [97m@wdio/browserstack-service[39m Inside OnComplete hook..
[90m2026-05-08T06:28:18.849Z[39m [32mDEBUG[39m [97m@wdio/browserstack-service[39m stop: CLI stop triggered
[90m2026-05-08T06:28:18.849Z[39m [32mDEBUG[39m [97m@wdio/browserstack-service[39m Sending stop launch event
[90m2026-05-08T06:28:18.849Z[39m [32mDEBUG[39m [97m@wdio/browserstack-service[39m Stopping bin session
[90m2026-05-08T06:28:18.850Z[39m [32mDEBUG[39m [97m@wdio/browserstack-service[39m StopBinSession with clientWorkerId: 0-15353
[90m2026-05-08T06:28:20.147Z[39m [96mINFO[39m [97m@wdio/browserstack-service[39m StopBinSession successful
[90m2026-05-08T06:28:20.147Z[39m [32mDEBUG[39m [97m@wdio/browserstack-service[39m Timestamp conversion for sdk:cli:on-stop: 31928.942334 -> 1778221698840.2803 (timeOrigin: 1778221666911.338)
[90m2026-05-08T06:28:20.147Z[39m [32mDEBUG[39m [97m@wdio/browserstack-service[39m stop: stopBinSession response={"success":true}
[90m2026-05-08T06:28:20.147Z[39m [32mDEBUG[39m [97m@wdio/browserstack-service[39m Unconfiguring modules
[90m2026-05-08T06:28:20.147Z[39m [32mDEBUG[39m [97m@wdio/browserstack-service[39m Configured module WebdriverIOModule with binSessionId=null, platformIndex=0
[90m2026-05-08T06:28:20.147Z[39m [32mDEBUG[39m [97m@wdio/browserstack-service[39m Configured module AutomateModule with binSessionId=null, platformIndex=0
[90m2026-05-08T06:28:20.147Z[39m [32mDEBUG[39m [97m@wdio/browserstack-service[39m Configured module ObservabilityModule with binSessionId=null, platformIndex=0
[90m2026-05-08T06:28:20.147Z[39m [32mDEBUG[39m [97m@wdio/browserstack-service[39m Configured module TestHubModule with binSessionId=null, platformIndex=0
[90m2026-05-08T06:28:20.147Z[39m [32mDEBUG[39m [97m@wdio/browserstack-service[39m stop: shutting down CLI
[90m2026-05-08T06:28:20.155Z[39m [32mDEBUG[39m [97m@wdio/browserstack-service[39m stop: CLI process exited
[90m2026-05-08T06:28:20.156Z[39m [32mDEBUG[39m [97m@wdio/browserstack-service[39m Timestamp conversion for sdk:automationFrameworkStop: 31928.795542 -> 1778221698840.1335 (timeOrigin: 1778221666911.338)
[90m2026-05-08T06:28:20.156Z[39m [32mDEBUG[39m [97m@wdio/browserstack-service[39m Timestamp conversion for sdk:cli:on-stop: 31928.942334 -> 1778221698840.2803 (timeOrigin: 1778221666911.338)
[90m2026-05-08T06:28:20.157Z[39m [96mINFO[39m [97m@wdio/browserstack-service[39m BrowserStack service run ended for id: 792d713c-ef7d-4a8c-8082-41222792285a testhub id: uc6ixdjqcnw83l0ct5gwxaddwefgfi16hk0jyiau
[90m2026-05-08T06:28:20.157Z[39m [32mDEBUG[39m [97m@wdio/browserstack-service[39m Reading worker file worker-data-15361.json
[90m2026-05-08T06:28:20.158Z[39m [32mDEBUG[39m [97m@wdio/browserstack-service[39m Sending SDK event with data {
  userName: '',
  accessKey: '',
  event_type: 'SDKTestSuccessful',
  detectedFramework: 'WebdriverIO-mocha',
  event_properties: {
    sdkRunId: '792d713c-ef7d-4a8c-8082-41222792285a',
    testhub_uuid: 'uc6ixdjqcnw83l0ct5gwxaddwefgfi16hk0jyiau',
    language_framework: 'WebdriverIO_mocha',
    referrer: 'WebdriverIO-mocha/9.27.0',
    language: 'WebdriverIO',
    languageVersion: 'v24.15.0',
    buildName: 'undefined',
    buildIdentifier: 'undefined',
    os: 'Darwin',
    hostname: 'Luckys-MacBook-Air.local',
    productMap: {
      observability: true,
      accessibility: null,
      percy: false,
      automate: true,
      app_automate: false
    },
    product: [ 'observability', 'automate' ],
    framework: 'mocha',
    isCLIEnabled: true,
    productUsage: {
      testObservability: {
        enabled: true,
        manuallySet: false,
        buildHashedId: 'uc6ixdjqcnw83l0ct5gwxaddwefgfi16hk0jyiau',
        events: {
          buildEvents: {
            started: {
              isTriggered: undefined,
              status: undefined,
              error: undefined
            },
            finished: {
              isTriggered: undefined,
              status: undefined,
              error: undefined
            }
          },
          testEvents: {
            started: { triggeredCount: 0, sentCount: 0, failedCount: 0 },
            finished: { triggeredCount: 0, sentCount: 0, failedCount: 0 }
          },
          hookEvents: {
            started: { triggeredCount: 0, sentCount: 0, failedCount: 0 },
            finished: { triggeredCount: 0, sentCount: 0, failedCount: 0 }
          },
          logEvents: { triggeredCount: 0, sentCount: 0, failedCount: 0 },
          cbtSessionEvents: { triggeredCount: 0, sentCount: 0, failedCount: 0 }
        }
      }
    }
  }
}
[90m2026-05-08T06:28:20.431Z[39m [32mDEBUG[39m [97m@wdio/browserstack-service[39m Funnel Event Response: "{\"message\":\"SDK Event recorded successfully\"}"
[90m2026-05-08T06:28:20.431Z[39m [32mDEBUG[39m [97m@wdio/browserstack-service[39m Funnel event success
[90m2026-05-08T06:28:20.667Z[39m [32mDEBUG[39m [97m@wdio/browserstack-service[39m [Performance Upload] Starting upload for worker 15406
[90m2026-05-08T06:28:20.671Z[39m [32mDEBUG[39m [97m@wdio/browserstack-service[39m [Performance Upload] Total events from files: 37
[90m2026-05-08T06:28:22.225Z[39m [32mDEBUG[39m [97m@wdio/browserstack-service[39m [Performance Upload] Successfully uploaded to EDS: Bravo
[90m2026-05-08T06:28:22.226Z[39m [32mDEBUG[39m [97m@wdio/browserstack-service[39m [Performance Upload] Cleaned up 2 temporary report files
